<?xml version="1.0" encoding="UTF-8"?>
<!-- Generated by org.testng.reporters.JUnitReportReporter -->
<testsuite hostname="ITEM-S117986" failures="0" tests="1" name="testcases.LoginTest" time="64.126" errors="0" timestamp="2021-12-06T15:37:34 CET" skipped="0">
  <testcase classname="testcases.LoginTest" name="loginTest" time="64.126"/>
  <system-out/>
</testsuite> <!-- testcases.LoginTest -->
